
writeCommonTags: couldn't write 'year' tag to 'Beth & Joe - I'd Rather Go Blind - Live in Amsterdam.m4a' as it's not a positive integer
writeCommonTags: couldn't write 'track' tag to 'Beth & Joe - I'd Rather Go Blind - Live in Amsterdam.m4a' as it's not a positive integer
writeCommonTags: couldn't write 'year' tag to 'Doja Cat - Rules (Official Video).m4a' as it's not a positive integer
writeCommonTags: couldn't write 'track' tag to 'Doja Cat - Rules (Official Video).m4a' as it's not a positive integer
writeCommonTags: couldn't write 'year' tag to 'Doja Cat - Say So (Official Video).m4a' as it's not a positive integer
writeCommonTags: couldn't write 'track' tag to 'Doja Cat - Say So (Official Video).m4a' as it's not a positive integer
writeCommonTags: couldn't write 'year' tag to 'Maroon 5 - Memories (Official Video).m4a' as it's not a positive integer
writeCommonTags: couldn't write 'track' tag to 'Maroon 5 - Memories (Official Video).m4a' as it's not a positive integer
writeCommonTags: couldn't write 'year' tag to 'Muse-Supermassive Black Hole lyrics.m4a' as it's not a positive integer
writeCommonTags: couldn't write 'track' tag to 'Muse-Supermassive Black Hole lyrics.m4a' as it's not a positive integer
writeCommonTags: couldn't write 'year' tag to 'The Black Keys - Ten Cent Pistol.m4a' as it's not a positive integer
writeCommonTags: couldn't write 'track' tag to 'The Black Keys - Ten Cent Pistol.m4a' as it's not a positive integer
writeCommonTags: couldn't write 'year' tag to 'Childish Gambino - Baby Boy.m4a' as it's not a positive integer
writeCommonTags: couldn't write 'track' tag to 'Childish Gambino - Baby Boy.m4a' as it's not a positive integer
writeCommonTags: couldn't write 'year' tag to 'Childish Gambino - Boogieman.m4a' as it's not a positive integer
writeCommonTags: couldn't write 'track' tag to 'Childish Gambino - Boogieman.m4a' as it's not a positive integer
writeCommonTags: couldn't write 'year' tag to 'Childish Gambino - Have Some Love.m4a' as it's not a positive integer
writeCommonTags: couldn't write 'track' tag to 'Childish Gambino - Have Some Love.m4a' as it's not a positive integer
writeCommonTags: couldn't write 'year' tag to 'Childish Gambino - Me And Your Mama.m4a' as it's not a positive integer
writeCommonTags: couldn't write 'track' tag to 'Childish Gambino - Me And Your Mama.m4a' as it's not a positive integer
writeCommonTags: couldn't write 'year' tag to 'Childish Gambino - Redbone.m4a' as it's not a positive integer
writeCommonTags: couldn't write 'track' tag to 'Childish Gambino - Redbone.m4a' as it's not a positive integer
writeCommonTags: couldn't write 'year' tag to 'Childish Gambino - Riot.m4a' as it's not a positive integer
writeCommonTags: couldn't write 'track' tag to 'Childish Gambino - Riot.m4a' as it's not a positive integer
writeCommonTags: couldn't write 'year' tag to 'Childish Gambino - Stand Tall.m4a' as it's not a positive integer
writeCommonTags: couldn't write 'track' tag to 'Childish Gambino - Stand Tall.m4a' as it's not a positive integer
writeCommonTags: couldn't write 'year' tag to 'Childish Gambino - Terrified.m4a' as it's not a positive integer
writeCommonTags: couldn't write 'track' tag to 'Childish Gambino - Terrified.m4a' as it's not a positive integer
writeCommonTags: couldn't write 'year' tag to 'Childish Gambino - The Night Me And Your Mama Met feat. Gary Clark Jr..m4a' as it's not a positive integer
writeCommonTags: couldn't write 'track' tag to 'Childish Gambino - The Night Me And Your Mama Met feat. Gary Clark Jr..m4a' as it's not a positive integer
writeCommonTags: couldn't write 'year' tag to 'Childish Gambino - Zombies.m4a' as it's not a positive integer
writeCommonTags: couldn't write 'track' tag to 'Childish Gambino - Zombies.m4a' as it's not a positive integer
writeCommonTags: couldn't write 'year' tag to 'Childish Gambino - This Is America.m4a' as it's not a positive integer
writeCommonTags: couldn't write 'track' tag to 'Childish Gambino - This Is America.m4a' as it's not a positive integer
writeCommonTags: couldn't write 'year' tag to 'Childish Gambino - Late Night In Kauai.m4a' as it's not a positive integer
writeCommonTags: couldn't write 'track' tag to 'Childish Gambino - Late Night In Kauai.m4a' as it's not a positive integer
writeCommonTags: couldn't write 'year' tag to 'Childish Gambino - Summertime Magic.m4a' as it's not a positive integer
writeCommonTags: couldn't write 'track' tag to 'Childish Gambino - Summertime Magic.m4a' as it's not a positive integer
writeCommonTags: couldn't write 'year' tag to 'Childish Gambino - Feels Like Summer.m4a' as it's not a positive integer
writeCommonTags: couldn't write 'track' tag to 'Childish Gambino - Feels Like Summer.m4a' as it's not a positive integer
writeCommonTags: couldn't write 'year' tag to 'Childish Gambino - Bed Peace (Explicit) .m4a' as it's not a positive integer
writeCommonTags: couldn't write 'track' tag to 'Childish Gambino - Bed Peace (Explicit) .m4a' as it's not a positive integer
writeCommonTags: couldn't write 'year' tag to 'Childish Gambino - Ildish Gambino.m4a' as it's not a positive integer
writeCommonTags: couldn't write 'track' tag to 'Childish Gambino - Ildish Gambino.m4a' as it's not a positive integer
writeCommonTags: couldn't write 'year' tag to 'Childish Gambino - Ildish Gambino.m4a' as it's not a positive integer
writeCommonTags: couldn't write 'track' tag to 'Childish Gambino - Ildish Gambino.m4a' as it's not a positive integer
writeCommonTags: couldn't write 'year' tag to 'Childish Gambino - California (Official Audio).m4a' as it's not a positive integer
writeCommonTags: couldn't write 'track' tag to 'Childish Gambino - California (Official Audio).m4a' as it's not a positive integer
writeCommonTags: couldn't write 'year' tag to 'OHKEMO RUNWAYS - HKEMO RUNWAYS.m4a' as it's not a positive integer
writeCommonTags: couldn't write 'track' tag to 'OHKEMO RUNWAYS - HKEMO RUNWAYS.m4a' as it's not a positive integer
writeCommonTags: couldn't write 'year' tag to 'Kendrick Lamar - I.m4a' as it's not a positive integer
writeCommonTags: couldn't write 'track' tag to 'Kendrick Lamar - I.m4a' as it's not a positive integer
